[2024-03-03 23:45:28,799] 96 werkzeug - INFO - [31m[1mWARNING: This is a development server. Do not use it in a production deployment. Use a production WSGI server instead.[0m
 * Running on http://127.0.0.1:5000
[2024-03-03 23:45:28,799] 96 werkzeug - INFO - [33mPress CTRL+C to quit[0m
[2024-03-03 23:48:08,120] 828 app - ERROR - Exception on / [GET]
Traceback (most recent call last):
  File "c:\iNeuron\Class\End_To_End_ML\venv\lib\site-packages\flask\app.py", line 1463, in wsgi_app
    response = self.full_dispatch_request()
  File "c:\iNeuron\Class\End_To_End_ML\venv\lib\site-packages\flask\app.py", line 872, in full_dispatch_request
    rv = self.handle_user_exception(e)
  File "c:\iNeuron\Class\End_To_End_ML\venv\lib\site-packages\flask\app.py", line 870, in full_dispatch_request
    rv = self.dispatch_request()
  File "c:\iNeuron\Class\End_To_End_ML\venv\lib\site-packages\flask\app.py", line 855, in dispatch_request
    return self.ensure_sync(self.view_functions[rule.endpoint])(**view_args)  # type: ignore[no-any-return]
  File "c:/iNeuron/Class/End_To_End_ML/app.py", line 12, in home_page
    return render_template("index.html")
  File "c:\iNeuron\Class\End_To_End_ML\venv\lib\site-packages\flask\templating.py", line 149, in render_template
    template = app.jinja_env.get_or_select_template(template_name_or_list)
  File "c:\iNeuron\Class\End_To_End_ML\venv\lib\site-packages\jinja2\environment.py", line 1081, in get_or_select_template
    return self.get_template(template_name_or_list, parent, globals)
  File "c:\iNeuron\Class\End_To_End_ML\venv\lib\site-packages\jinja2\environment.py", line 1010, in get_template
    return self._load_template(name, globals)
  File "c:\iNeuron\Class\End_To_End_ML\venv\lib\site-packages\jinja2\environment.py", line 969, in _load_template
    template = self.loader.load(self, name, self.make_globals(globals))
  File "c:\iNeuron\Class\End_To_End_ML\venv\lib\site-packages\jinja2\loaders.py", line 125, in load
    source, filename, uptodate = self.get_source(environment, name)
  File "c:\iNeuron\Class\End_To_End_ML\venv\lib\site-packages\flask\templating.py", line 65, in get_source
    return self._get_source_fast(environment, template)
  File "c:\iNeuron\Class\End_To_End_ML\venv\lib\site-packages\flask\templating.py", line 99, in _get_source_fast
    raise TemplateNotFound(template)
jinja2.exceptions.TemplateNotFound: index.html
[2024-03-03 23:48:08,124] 96 werkzeug - INFO - 127.0.0.1 - - [03/Mar/2024 23:48:08] "[35m[1mGET / HTTP/1.1[0m" 500 -
[2024-03-03 23:48:08,151] 96 werkzeug - INFO - 127.0.0.1 - - [03/Mar/2024 23:48:08] "[33mGET /favicon.ico HTTP/1.1[0m" 404 -
